<?xml version="1.0" encoding="UTF-8"?>
<testsuite xmlns:xsi="http://www.w3.org/2001/XMLSchema-instance" xsi:noNamespaceSchemaLocation="https://maven.apache.org/surefire/maven-surefire-plugin/xsd/surefire-test-report.xsd" name="org.epam.jmp.AppTest" time="0.037" tests="1" errors="0" skipped="0" failures="0">
  <properties>
    <property name="sun.desktop" value="windows"/>
    <property name="awt.toolkit" value="sun.awt.windows.WToolkit"/>
    <property name="java.specification.version" value="11"/>
    <property name="sun.cpu.isalist" value="amd64"/>
    <property name="sun.jnu.encoding" value="Cp1252"/>
    <property name="java.class.path" value="C:\Users\Branko_Rovcanin\Desktop\Personal\Java Mentoring Program Advanced Back-End Core\module_1\task\jpm-task-1\jpm-bank-api\target\test-classes;C:\Users\Branko_Rovcanin\Desktop\Personal\Java Mentoring Program Advanced Back-End Core\module_1\task\jpm-task-1\jpm-bank-api\target\classes;C:\Users\Branko_Rovcanin\.m2\repository\junit\junit\4.11\junit-4.11.jar;C:\Users\Branko_Rovcanin\.m2\repository\org\hamcrest\hamcrest-core\1.3\hamcrest-core-1.3.jar;"/>
    <property name="java.vm.vendor" value="Oracle Corporation"/>
    <property name="sun.arch.data.model" value="64"/>
    <property name="user.variant" value=""/>
    <property name="java.vendor.url" value="http://java.oracle.com/"/>
    <property name="user.timezone" value="Europe/Prague"/>
    <property name="java.vm.specification.version" value="11"/>
    <property name="os.name" value="Windows 10"/>
    <property name="sun.java.launcher" value="SUN_STANDARD"/>
    <property name="user.country" value="US"/>
    <property name="sun.boot.library.path" value="C:\Users\Branko_Rovcanin\Documents\openjdk-11+28_windows-x64_bin\jdk-11\bin"/>
    <property name="sun.java.command" value="C:\Users\BRANKO~1\AppData\Local\Temp\surefire14878608031214515192\surefirebooter1433652477523861134.jar C:\Users\Branko_Rovcanin\AppData\Local\Temp\surefire14878608031214515192 2023-05-03T16-05-12_248-jvmRun1 surefire6653318419551557119tmp surefire_04395529756505613256tmp"/>
    <property name="jdk.debug" value="release"/>
    <property name="surefire.test.class.path" value="C:\Users\Branko_Rovcanin\Desktop\Personal\Java Mentoring Program Advanced Back-End Core\module_1\task\jpm-task-1\jpm-bank-api\target\test-classes;C:\Users\Branko_Rovcanin\Desktop\Personal\Java Mentoring Program Advanced Back-End Core\module_1\task\jpm-task-1\jpm-bank-api\target\classes;C:\Users\Branko_Rovcanin\.m2\repository\junit\junit\4.11\junit-4.11.jar;C:\Users\Branko_Rovcanin\.m2\repository\org\hamcrest\hamcrest-core\1.3\hamcrest-core-1.3.jar;"/>
    <property name="sun.cpu.endian" value="little"/>
    <property name="user.home" value="C:\Users\Branko_Rovcanin"/>
    <property name="user.language" value="en"/>
    <property name="java.specification.vendor" value="Oracle Corporation"/>
    <property name="java.version.date" value="2018-09-25"/>
    <property name="java.home" value="C:\Users\Branko_Rovcanin\Documents\openjdk-11+28_windows-x64_bin\jdk-11"/>
    <property name="file.separator" value="\"/>
    <property name="basedir" value="C:\Users\Branko_Rovcanin\Desktop\Personal\Java Mentoring Program Advanced Back-End Core\module_1\task\jpm-task-1\jpm-bank-api"/>
    <property name="java.vm.compressedOopsMode" value="Zero based"/>
    <property name="line.separator" value="&#10;"/>
    <property name="java.specification.name" value="Java Platform API Specification"/>
    <property name="java.vm.specification.vendor" value="Oracle Corporation"/>
    <property name="java.awt.graphicsenv" value="sun.awt.Win32GraphicsEnvironment"/>
    <property name="surefire.real.class.path" value="C:\Users\BRANKO~1\AppData\Local\Temp\surefire14878608031214515192\surefirebooter1433652477523861134.jar"/>
    <property name="user.script" value=""/>
    <property name="sun.management.compiler" value="HotSpot 64-Bit Tiered Compilers"/>
    <property name="java.runtime.version" value="11+28"/>
    <property name="user.name" value="Branko_Rovcanin"/>
    <property name="path.separator" value=";"/>
    <property name="os.version" value="10.0"/>
    <property name="java.runtime.name" value="OpenJDK Runtime Environment"/>
    <property name="file.encoding" value="Cp1252"/>
    <property name="java.vm.name" value="OpenJDK 64-Bit Server VM"/>
    <property name="java.vendor.version" value="18.9"/>
    <property name="localRepository" value="C:\Users\Branko_Rovcanin\.m2\repository"/>
    <property name="java.vendor.url.bug" value="http://bugreport.java.com/bugreport/"/>
    <property name="java.io.tmpdir" value="C:\Users\BRANKO~1\AppData\Local\Temp\"/>
    <property name="idea.version" value="2022.1.2"/>
    <property name="java.version" value="11"/>
    <property name="user.dir" value="C:\Users\Branko_Rovcanin\Desktop\Personal\Java Mentoring Program Advanced Back-End Core\module_1\task\jpm-task-1\jpm-bank-api"/>
    <property name="os.arch" value="amd64"/>
    <property name="java.vm.specification.name" value="Java Virtual Machine Specification"/>
    <property name="java.awt.printerjob" value="sun.awt.windows.WPrinterJob"/>
    <property name="sun.os.patch.level" value=""/>
    <property name="java.library.path" value="C:\Users\Branko_Rovcanin\Documents\openjdk-11+28_windows-x64_bin\jdk-11\bin;C:\Windows\Sun\Java\bin;C:\Windows\system32;C:\Windows;C:\Program Files (x86)\Common Files\Oracle\Java\javapath;C:\Program Files (x86)\RSA SecurID Token Common;C:\Program Files\RSA SecurID Token Common;C:\Windows\system32;C:\Windows;C:\Windows\System32\Wbem;C:\Windows\System32\WindowsPowerShell\v1.0\;C:\Windows\System32\OpenSSH\;C:\Program Files\Git\cmd;C:\Users\Branko_Rovcanin\Documents\tools\oracle\sqlplus\instantclient_21_6;;C:\Program Files\Amazon\AWSCLIV2\;C:\Program Files\Docker\Docker\resources\bin;C:\Users\Branko_Rovcanin\.jbang\bin;C:\Users\Branko_Rovcanin\.jbang\bin;C:\Users\Branko_Rovcanin\.jbang\bin;C:\Users\Branko_Rovcanin\AppData\Local\Programs\Python\Python310\Scripts\;C:\Users\Branko_Rovcanin\AppData\Local\Programs\Python\Python310\;C:\Program Files\RSA SecurID Token Common\;C:\Users\Branko_Rovcanin\Documents\apache-maven-3.8.6-bin\apache-maven-3.8.6\bin;C:\Users\Branko_Rovcanin\Documents\openjdk-11+28_windows-x64_bin\jdk-11\bin;C:\Users\Branko_Rovcanin\AppData\Local\Programs\Microsoft VS Code\bin;C:\Program Files\JetBrains\IntelliJ IDEA Community Edition 2022.1.2\bin;C:\Users\Branko_Rovcanin\Documents\ant\apache-ant-1.10.12\bin;C:\Users\Branko_Rovcanin\Documents\tools\oracle\sqlplus\instantclient_21_6;;."/>
    <property name="java.vendor" value="Oracle Corporation"/>
    <property name="java.vm.info" value="mixed mode"/>
    <property name="java.vm.version" value="11+28"/>
    <property name="sun.io.unicode.encoding" value="UnicodeLittle"/>
    <property name="java.class.version" value="55.0"/>
  </properties>
  <testcase name="shouldAnswerWithTrue" classname="org.epam.jmp.AppTest" time="0.001"/>
</testsuite>